<?xml version="1.0" encoding="UTF-8"?>
<!-- Generated by org.testng.reporters.JUnitReportReporter -->
<testsuite hostname="LAPTOP-ERM50F7V" failures="0" tests="1" name="com.in.ExcelrFirst.Project.Login" time="71.669" errors="0" timestamp="2024-04-21T12:42:05 IST" skipped="0">
  <testcase classname="com.in.ExcelrFirst.Project.Login" name="loginalluserwithdatadriven" time="71.669"/>
  <system-out/>
</testsuite> <!-- com.in.ExcelrFirst.Project.Login -->
