<?xml version="1.0" encoding="UTF-8"?>
<!-- Generated by org.testng.reporters.JUnitReportReporter -->
<testsuite hostname="LAPTOP-ERM50F7V" failures="0" tests="13" name="com.in.ExcelrFirst.Project.product" time="51.670" errors="0" timestamp="2024-04-20T14:24:32 IST" skipped="0">
  <testcase classname="com.in.ExcelrFirst.Project.product" name="chackoutinformationcancel" time="4.206"/>
  <system-out/>
  <testcase classname="com.in.ExcelrFirst.Project.product" name="cartpageproductremove" time="3.307"/>
  <system-out/>
  <testcase classname="com.in.ExcelrFirst.Project.product" name="cartpagecontinue" time="3.952"/>
  <system-out/>
  <testcase classname="com.in.ExcelrFirst.Project.product" name="afertaddproducttocartcountincrease" time="3.206"/>
  <system-out/>
  <testcase classname="com.in.ExcelrFirst.Project.product" name="logout" time="4.343"/>
  <system-out/>
  <testcase classname="com.in.ExcelrFirst.Project.product" name="cartproductcancel" time="3.476"/>
  <system-out/>
  <testcase classname="com.in.ExcelrFirst.Project.product" name="chackoutinforback" time="4.510"/>
  <system-out/>
  <testcase classname="com.in.ExcelrFirst.Project.product" name="cartpage" time="3.396"/>
  <system-out/>
  <testcase classname="com.in.ExcelrFirst.Project.product" name="cartpagelandingchackout" time="3.305"/>
  <system-out/>
  <testcase classname="com.in.ExcelrFirst.Project.product" name="chackoutinformationfinish" time="4.113"/>
  <system-out/>
  <testcase classname="com.in.ExcelrFirst.Project.product" name="addproducttocart" time="3.155"/>
  <system-out/>
  <testcase classname="com.in.ExcelrFirst.Project.product" name="chackoutinformation" time="4.332"/>
  <system-out/>
  <testcase classname="com.in.ExcelrFirst.Project.product" name="removeproducttocart" time="6.369"/>
  <system-out/>
</testsuite> <!-- com.in.ExcelrFirst.Project.product -->
